  9.307536E-05  2.143249E-08  1.E-07
  9.524387E-05  2.210815E-08  1.023293E-07
  9.746291E-05  2.280975E-08  1.047129E-07
  9.973365E-05  2.35306E-08  1.071519E-07
  .0001020573  2.427463E-08  1.096478E-07
  .0001044351  2.504131E-08  1.122018E-07
  .0001068683  2.583264E-08  1.148154E-07
  .0001093582  2.664557E-08  1.174898E-07
  .0001119061  2.748966E-08  1.202264E-07
  .0001145134  2.835425E-08  1.230269E-07
  .0001171814  2.92485E-08  1.258925E-07
  .0001199116  3.017146E-08  1.28825E-07
  .0001227054  3.112105E-08  1.318257E-07
  .0001255643  3.210406E-08  1.348963E-07
  .0001284899  3.311238E-08  1.380384E-07
  .0001314836  3.415614E-08  1.412538E-07
  .000134547  3.523163E-08  1.44544E-07
  .0001376818  3.634162E-08  1.479108E-07
  .0001408897  3.748185E-08  1.513561E-07
  .0001441724  3.865756E-08  1.548817E-07
  .0001475315  3.987641E-08  1.584893E-07
  .0001509689  4.112852E-08  1.62181E-07
  .0001544864  4.242267E-08  1.659587E-07
  .0001580858  4.375204E-08  1.698244E-07
  .0001617691  4.512275E-08  1.737801E-07
  .0001655383  4.654157E-08  1.778279E-07
  .0001693953  4.799899E-08  1.819701E-07
  .0001733421  4.950755E-08  1.862087E-07
  .000177381  5.105714E-08  1.905461E-07
  .0001815139  5.265487E-08  1.949845E-07
  .0001857432  5.430864E-08  1.995262E-07
  .000190071  5.600737E-08  2.041738E-07
  .0001944996  5.775885E-08  2.089296E-07
  .0001990315  5.957175E-08  2.137962E-07
  .0002036689  6.143391E-08  2.187762E-07
  .0002084144  6.336136E-08  2.238721E-07
  .0002132705  6.533811E-08  2.290868E-07
  .0002182398  6.737612E-08  2.344229E-07
  .0002233248  6.94887E-08  2.398833E-07
  .0002285284  7.165865E-08  2.454709E-07
  .0002338532  7.389591E-08  2.511886E-07
  .0002393021  7.619548E-08  2.570396E-07
  .0002448779  7.858273E-08  2.630268E-07
  .0002505837  8.103476E-08  2.691535E-07
  .0002564225  8.355505E-08  2.754229E-07
  .0002623973  8.617142E-08  2.818383E-07
  .0002685114  8.885462E-08  2.884032E-07
  .0002747679  9.162086E-08  2.951209E-07
  .0002811702  9.447712E-08  3.019952E-07
  .0002877218  9.74243E-08  3.090295E-07
  .000294426  1.004604E-07  3.162278E-07
  .0003012864  1.03581E-07  3.235937E-07
  .0003083067  1.068105E-07  3.311311E-07
  .0003154906  1.101374E-07  3.388442E-07
  .000322842  1.135568E-07  3.467369E-07
  .0003303646  1.170928E-07  3.548134E-07
  .0003380626  1.207269E-07  3.630781E-07
  .0003459399  1.24488E-07  3.715352E-07
  .0003540008  1.283504E-07  3.801894E-07
  .0003622496  1.323445E-07  3.890451E-07
  .0003706906  1.364494E-07  3.981072E-07
  .0003793283  1.406811E-07  4.073803E-07
  .0003881674  1.450604E-07  4.168694E-07
  .0003972124  1.495576E-07  4.265795E-07
  .0004064682  1.542009E-07  4.365158E-07
  .0004159397  1.589877E-07  4.466836E-07
  .0004256319  1.639147E-07  4.570882E-07
  .0004355501  1.690057E-07  4.677351E-07
  .0004456993  1.742499E-07  4.786301E-07
  .0004560851  1.796476E-07  4.897788E-07
  .000466713  1.852031E-07  5.011872E-07
  .0004775885  1.909297E-07  5.128614E-07
  .0004887175  1.968418E-07  5.248075E-07
  .0005001058  2.029361E-07  5.370318E-07
  .0005117596  2.092183E-07  5.495409E-07
  .0005236849  2.156942E-07  5.623413E-07
  .0005358882  2.223751E-07  5.754399E-07
  .0005483759  2.292564E-07  5.888437E-07
  .0005611547  2.363499E-07  6.025596E-07
  .0005742312  2.436392E-07  6.16595E-07
  .0005876126  2.511758E-07  6.309573E-07
  .0006013058  2.589447E-07  6.456542E-07
  .0006153181  2.66928E-07  6.606934E-07
  .000629657  2.751822E-07  6.76083E-07
  .0006443301  2.836641E-07  6.91831E-07
  .0006593452  2.924339E-07  7.079458E-07
  .0006747103  3.014455E-07  7.24436E-07
  .0006904334  3.10763E-07  7.413102E-07
  .0007065231  3.203373E-07  7.585776E-07
  .0007229877  3.302056E-07  7.762471E-07
  .000739836  3.404088E-07  7.943282E-07
  .0007570771  3.508932E-07  8.128305E-07
  .00077472  3.616994E-07  8.317638E-07
  .0007927741  3.728372E-07  8.51138E-07
  .000811249  3.843169E-07  8.709636E-07
  .0008301545  3.961857E-07  8.912509E-07
  .0008495007  4.083818E-07  9.120108E-07
  .0008692977  4.209522E-07  9.332543E-07
  .0008895562  4.338571E-07  9.549926E-07
  .0009102869  4.47209E-07  9.772372E-07
  .0009315008  4.609706E-07  1.E-06
  .0009532092  4.751544E-07  1.023293E-06
  .0009754235  4.897733E-07  1.047129E-06
  .0009981557  5.04793E-07  1.071519E-06
  .001021418  5.203209E-07  1.096478E-06
  .001045222  5.363252E-07  1.122018E-06
  .001069581  5.527549E-07  1.148154E-06
  .001094508  5.697539E-07  1.174898E-06
  .001120016  5.872186E-07  1.202264E-06
  .001146118  6.052743E-07  1.230269E-06
  .001172829  6.238247E-07  1.258925E-06
  .001200162  6.429269E-07  1.28825E-06
  .001228133  6.626908E-07  1.318257E-06
  .001256755  6.829959E-07  1.348963E-06
  .001286045  7.039214E-07  1.380384E-06
  .001316018  7.254694E-07  1.412538E-06
  .001346689  7.476928E-07  1.44544E-06
  .001378075  7.705952E-07  1.479108E-06
  .001410193  7.942716E-07  1.513561E-06
  .001443059  8.185002E-07  1.548817E-06
  .001476692  8.435658E-07  1.584893E-06
  .001511108  8.693971E-07  1.62181E-06
  .001546327  8.959966E-07  1.659587E-06
  .001582367  9.234295E-07  1.698244E-06
  .001619247  9.517003E-07  1.737801E-06
  .001656986  9.807184E-07  1.778279E-06
  .001695606  1.010739E-06  1.819701E-06
  .001735125  1.041577E-06  1.862087E-06
  .001775566  1.073431E-06  1.905461E-06
  .00181695  1.106177E-06  1.949845E-06
  .001859298  1.139894E-06  1.995262E-06
  .001902634  1.174775E-06  2.041738E-06
  .00194698  1.210578E-06  2.089296E-06
  .001992359  1.247498E-06  2.137962E-06
  .002038797  1.285665E-06  2.187762E-06
  .002086317  1.324838E-06  2.238721E-06
  .002134945  1.365235E-06  2.290868E-06
  .002184707  1.406829E-06  2.344229E-06
  .002235628  1.449721E-06  2.398833E-06
  .002287737  1.49374E-06  2.454709E-06
  .002341061  1.539424E-06  2.511886E-06
  .002395627  1.586161E-06  2.570396E-06
  .002451466  1.634471E-06  2.630268E-06
  .002508607  1.684288E-06  2.691535E-06
  .00256708  1.735414E-06  2.754229E-06
  .002626916  1.788302E-06  2.818383E-06
  .002688147  1.842579E-06  2.884032E-06
  .002750805  1.8985E-06  2.951209E-06
  .002814925  1.956344E-06  3.019952E-06
  .002880539  2.015711E-06  3.090295E-06
  .002947683  2.076876E-06  3.162278E-06
  .003016393  2.140149E-06  3.235937E-06
  .003086704  2.205083E-06  3.311311E-06
  .003158655  2.271983E-06  3.388442E-06
  .003232283  2.340962E-06  3.467369E-06
  .003307628  2.411977E-06  3.548134E-06
  .00338473  2.485142E-06  3.630781E-06
  .003463629  2.560275E-06  3.715352E-06
  .003544368  2.63799E-06  3.801894E-06
  .00362699  2.717998E-06  3.890451E-06
  .003711537  2.800288E-06  3.981072E-06
  .003798057  2.885069E-06  4.073803E-06
  .003886593  2.972269E-06  4.168694E-06
  .003977194  3.062466E-06  4.265795E-06
  .004069907  3.155325E-06  4.365158E-06
  .004164782  3.250678E-06  4.466836E-06
  .004261869  3.348908E-06  4.570882E-06
  .00436122  3.450101E-06  4.677351E-06
  .004462888  3.554346E-06  4.786301E-06
  .004566926  3.661735E-06  4.897788E-06
  .00467339  3.772355E-06  5.011872E-06
  .004782337  3.88632E-06  5.128614E-06
  .004893823  4.003722E-06  5.248075E-06
  .00500791  4.124664E-06  5.370318E-06
  .005124657  4.248838E-06  5.495409E-06
  .005244126  4.377172E-06  5.623413E-06
  .005366381  4.509376E-06  5.754399E-06
  .005491487  4.64511E-06  5.888437E-06
  .00561951  4.785382E-06  6.025596E-06
  .005750519  4.92941E-06  6.16595E-06
  .005884582  5.077765E-06  6.309573E-06
  .006021772  5.230461E-06  6.456542E-06
  .006162161  5.387861E-06  6.606934E-06
  .006305824  5.549989E-06  6.76083E-06
  .006452837  5.716988E-06  6.91831E-06
  .006603278  5.889003E-06  7.079458E-06
  .006757227  6.066036E-06  7.24436E-06
  .006914767  6.248536E-06  7.413102E-06
  .007075981  6.436517E-06  7.585776E-06
  .007240954  6.629487E-06  7.762471E-06
  .007409774  6.828421E-06  7.943282E-06
  .007582532  7.033469E-06  8.128305E-06
  .007759318  7.245023E-06  8.317638E-06
  .007940227  7.462006E-06  8.51138E-06
  .008125356  7.685663E-06  8.709636E-06
  .008314802  7.915841E-06  8.912509E-06
  .008508666  8.153077E-06  9.120108E-06
  .008707051  8.397228E-06  9.332543E-06
  .008910063  8.648866E-06  9.549926E-06
  .00911781  8.907815E-06  9.772372E-06
  .009330402  9.174726E-06  1.E-05
  .009547952  9.448472E-06  1.023293E-05
  .009770577  9.731555E-06  1.047129E-05
  .009998393  1.002188E-05  1.071519E-05
  .01023152  1.032212E-05  1.096478E-05
  .01047009  1.063E-05  1.122018E-05
  .01071422  1.094708E-05  1.148154E-05
  .01096405  1.127499E-05  1.174898E-05
  .0112197  1.161127E-05  1.202264E-05
  .01148131  1.195757E-05  1.230269E-05
  .01174903  1.231441E-05  1.258925E-05
  .01202299  1.268164E-05  1.28825E-05
  .01230335  1.305848E-05  1.318257E-05
  .01259024  1.344786E-05  1.348963E-05
  .01288382  1.384742E-05  1.380384E-05
  .01318425  1.426054E-05  1.412538E-05
  .01349169  1.46857E-05  1.44544E-05
  .0138063  1.512197E-05  1.479108E-05
  .01412825  1.557117E-05  1.513561E-05
  .0144577  1.60337E-05  1.548817E-05
  .01479485  1.650988E-05  1.584893E-05
  .01513986  1.700023E-05  1.62181E-05
  .01549291  1.750511E-05  1.659587E-05
  .0158542  1.802496E-05  1.698244E-05
  .01622392  1.856016E-05  1.737801E-05
  .01660226  1.910931E-05  1.778279E-05
  .01698943  1.967427E-05  1.819701E-05
  .01738563  2.025841E-05  1.862087E-05
  .01779108  2.085763E-05  1.905461E-05
  .01820598  2.147682E-05  1.949845E-05
  .01863056  2.211208E-05  1.995262E-05
  .01906504  2.276562E-05  2.041738E-05
  .01950966  2.343883E-05  2.089296E-05
  .01996466  2.4132E-05  2.137962E-05
  .02043027  2.484561E-05  2.187762E-05
  .02090674  2.557711E-05  2.238721E-05
  .02139432  2.633326E-05  2.290868E-05
  .02189329  2.710845E-05  2.344229E-05
  .02240389  2.790988E-05  2.398833E-05
  .0229264  2.873126E-05  2.454709E-05
  .02346111  2.957747E-05  2.511886E-05
  .02400829  3.044792E-05  2.570396E-05
  .02456823  3.134456E-05  2.630268E-05
  .02514125  3.226676E-05  2.691535E-05
  .02572762  3.321615E-05  2.754229E-05
  .02632768  3.419411E-05  2.818383E-05
  .02694175  3.519623E-05  2.884032E-05
  .02757013  3.623161E-05  2.951209E-05
  .02821318  3.729615E-05  3.019952E-05
  .02887124  3.839095E-05  3.090295E-05
  .02954438  3.934303E-05  3.162278E-05
  .03023349  4.049413E-05  3.235937E-05
  .03093868  4.16788E-05  3.311311E-05
  .03166032  4.289801E-05  3.388442E-05
  .0323988  4.415278E-05  3.467369E-05
  .03315451  4.543927E-05  3.548134E-05
  .03392786  4.676812E-05  3.630781E-05
  .03471925  4.813054E-05  3.715352E-05
  .0355291  4.953783E-05  3.801894E-05
  .03635786  5.098061E-05  3.890451E-05
  .03720595  5.24653E-05  3.981072E-05
  .03807383  5.399889E-05  4.073803E-05
  .03896196  5.556407E-05  4.168694E-05
  .03987082  5.718174E-05  4.265795E-05
  .04080089  5.884633E-05  4.365158E-05
  .04175266  6.055801E-05  4.466836E-05
  .04272664  6.231376E-05  4.570882E-05
  .04372334  6.412717E-05  4.677351E-05
  .04474331  6.598469E-05  4.786301E-05
  .04578708  6.789711E-05  4.897788E-05
  .04685521  6.98633E-05  5.011872E-05
  .04794826  7.188627E-05  5.128614E-05
  .04906683  7.3969E-05  5.248075E-05
  .05021149  7.611035E-05  5.370318E-05
  .05138287  7.831495E-05  5.495409E-05
  .05258159  8.057271E-05  5.623413E-05
  .05380828  8.29044E-05  5.754399E-05
  .0550636  8.529386E-05  5.888437E-05
  .05634822  8.775187E-05  6.025596E-05
  .05766282  9.028039E-05  6.16595E-05
  .0590081  9.288142E-05  6.309573E-05
  .06038478  9.555875E-05  6.456542E-05
  .06179359  9.831112E-05  6.606934E-05
  .06323528  .0001011292  6.76083E-05
  .06471061  .0001040412  6.91831E-05
  .06622038  .0001070307  7.079458E-05
  .06776539  .0001101057  7.24436E-05
  .06934646  .0001132621  7.413102E-05
  .07096444  .0001165064  7.585776E-05
  .07262017  .0001198454  7.762471E-05
  .07431456  .0001232794  7.943282E-05
  .07604849  .0001268091  8.128305E-05
  .07782289  .0001304269  8.317638E-05
  .07963871  .0001341601  8.51138E-05
  .08149692  .0001379864  8.709636E-05
  .0833985  .0001419185  8.912509E-05
  .08534447  .0001459814  9.120108E-05
  .08733586  .00015014  9.332543E-05
  .08937373  .0001544073  9.549926E-05
  .09145918  .0001587953  9.772372E-05
  .0935933  .0001633166  .0001
  .09577724  .0001679689  .0001023293
  .09801217  .0001727298  .0001047129
  .1002993  .0001776247  .0001071519
  .1026397  .0001826786  .0001096478
  .1050349  .0001878283  .0001122018
  .1074859  .0001931478  .0001148154
  .1099941  .0001986172  .0001174898
  .112561  .0002042404  .0001202264
  .1151877  .0002100216  .0001230269
  .1178757  .0002159362  .0001258925
  .1206265  .0002220199  .000128825
  .1234416  .0002282697  .0001318257
  .1263223  .0002347257  .0001348963
  .1292703  .0002413303  .0001380384
  .1322871  .0002481238  .0001412538
  .1353744  .000255072  .000144544
  .1385337  .0002622445  .0001479108
  .1417668  .0002695848  .0001513561
  .1450753  .0002771669  .0001548817
  .1484612  .0002849208  .0001584893
  .151926  .0002928902  .000162181
  .1554718  .0003010805  .0001659587
  .1591003  .0003094977  .0001698244
  .1628136  .0003181482  .0001737801
  .1666136  .0003269929  .0001778279
  .1705023  .0003361273  .0001819701
  .1744818  .0003454729  .0001862087
  .1785542  .0003550696  .0001905461
  .1827216  .0003649365  .0001949845
  .1869864  .0003750684  .0001995262
  .1913508  .0003854853  .0002041738
  .1958171  .0003961812  .0002089296
  .2003877  .0004071279  .0002137962
  .205065  .0004184186  .0002187762
  .2098515  .0004299656  .0002238721
  .2147498  .0004418277  .0002290868
  .2197624  .0004540125  .0002344229
  .2248921  .0004665303  .0002398833
  .2301416  .0004793893  .0002454709
  .2355139  .0004824789  .0002511886
  .2410113  .0004883512  .0002570396
  .246637  .0004938315  .0002630268
  .2523939  .0004994608  .0002691535
  .258285  .0005046585  .0002754229
  .2643135  .0005099079  .0002818383
  .2704825  .0005152271  .0002884032
  .2767954  .0005206001  .0002951209
  .2832554  .0005260652  .0003019952
  .289866  .0005314389  .0003090295
  .2966308  .0005367976  .0003162278
  .3035532  .0005425546  .0003235937
  .310637  .0005479314  .0003311311
  .317886  .0005539257  .0003388442
  .325304  .0005595319  .0003467369
  .3328949  .0005657887  .0003548134
  .3406627  .0005716723  .0003630781
  .3486116  .0005781773  .0003715352
  .3567459  .000584347  .0003801894
  .3650698  .0005911741  .0003890451
  .3735877  .0005976632  .0003981072
  .3823042  .0006048244  .0004073803
  .3912239  .000611645  .0004168694
  .4003515  .000619177  .0004265795
  .4096919  .0006268638  .0004365158
  .4192501  .0006342579  .0004466836
  .429031  .0006423747  .0004570882
  .43904  .0006506746  .0004677351
  .4492824  .0006586833  .0004786301
  .4597635  .0006674804  .0004897788
  .470489  .0006764934  .0005011872
  .4814645  .0006857327  .0005128614
  .4926958  .0006952395  .0005248075
  .5041891  .000704873  .0005370318
  .5159502  .0007148797  .0005495409
  .5279856  .0007252447  .0005623413
  .5403015  .0007360547  .0005754399
  .5529046  .0007469747  .0005888437
  .5658015  .0007582806  .0006025596
  .5789991  .000769852  .000616595
  .5925044  .0007818073  .0006309573
  .6063245  .0007946104  .0006456542
  .6204669  .0008072875  .0006606934
  .634939  .0008208655  .000676083
  .6497485  .0008343513  .000691831
  .6649033  .0008487562  .0007079458
  .6804114  .0008630653  .000724436
  .6962811  .0008783303  .0007413102
  .7125208  .0008940692  .0007585776
  .7291392  .0009102813  .0007762471
  .746145  .0009266952  .0007943282
  .7635474  .0009436862  .0008128305
  .7813555  .0009616434  .0008317638
  .7995789  .0009802993  .000851138
  .8182271  .0009991963  .0008709636
  .8373102  .001018676  .0008912509
  .8568383  .001038762  .0009120108
  .8768217  .001060014  .0009332543
  .8972711  .001081425  .0009549926
  .9181974  .001104025  .0009772372
  .9396116  .001126791  .001
  .9615251  .001150848  .001023293
  .9839497  .00117567  .001047129
  1.006897  .001201257  .001071519
  1.03038  .001227698  .001096478
  1.05441  .001254968  .001122018
  1.079001  .001283098  .001148154
  1.104165  .001312122  .001174898
  1.129916  .001342577  .001202264
  1.156267  .001373598  .001230269
  1.183233  .001405558  .001258925
  1.210828  .001439091  .00128825
  1.239066  .001473723  .001318257
  1.267963  .00150898  .001348963
  1.297534  .001545754  .001380384
  1.327795  .001583857  .001412538
  1.358761  .00162316  .00144544
  1.39045  .001664188  .001479108
  1.422878  .001706222  .001513561
  1.456062  .00174952  .001548817
  1.49002  .001794754  .001584893
  1.52477  .001840969  .00162181
  1.560331  .001889163  .001659587
  1.596721  .001939006  .001698244
  1.63396  .001990309  .001737801
  1.672067  .002043271  .001778279
  1.711064  .002098375  .001819701
  1.75097  .002155021  .001862087
  1.791807  .002213487  .001905461
  1.833597  .002274526  .001949845
  1.876361  .002336934  .001995262
  1.920123  .002401882  .002041738
  1.964906  .002469039  .002089296
  2.010734  .002537822  .002137962
  2.057631  .00260942  .002187762
  2.105622  .002683885  .002238721
  2.154732  .002760254  .002290868
  2.204988  .0028391  .002344229
  2.256417  .002921118  .002398833
  2.309046  .003005244  .002454709
  2.362902  .003092684  .002511886
  2.418015  .003182979  .002570396
  2.474414  .003276224  .002630268
  2.532129  .003372521  .002691535
  2.59119  .003471971  .002754229
  2.65163  .003575205  .002818383
  2.71348  .003681261  .002884032
  2.776773  .003791339  .002951209
  2.841543  .003905014  .003019952
  2.907824  .004021801  .003090295
  2.975652  .004142941  .003162278
  3.045063  .004268598  .003235937
  3.116093  .004397772  .003311311
  3.188781  .004531195  .003388442
  3.263166  .004669454  .003467369
  3.339286  .004812184  .003548134
  3.417183  .004958844  .003630781
  3.496897  .005111178  .003715352
  3.578473  .005268752  .003801894
  3.661952  .005430906  .003890451
  3.747379  .005598305  .003981072
  3.8348  .005771603  .004073803
  3.852528  .005806914  .004092607
  3.870337  .005842486  .004111497
  3.888229  .005878281  .004130475
  3.906204  .005914005  .00414954
  3.924262  .005950306  .004168694
  3.942403  .005986478  .004187936
  3.960628  .006023131  .004207266
  3.978938  .006060098  .004226686
  3.997332  .006097252  .004246196
  4.015811  .006134639  .004265795
  4.034376  .006172301  .004285485
  4.053027  .006210199  .004305266
  4.071763  .00624829  .004325138
  4.090587  .006286618  .004345102
  4.109498  .006325229  .004365158
  4.128496  .006364081  .004385307
  4.147582  .006403175  .004405549
  4.166756  .006442514  .004425884
  4.186019  .006482097  .004446313
  4.205371  .006521972  .004466836
  4.224812  .006562096  .004487454
  4.244344  .006602783  .004508167
  4.263966  .006643513  .004528976
  4.283678  .006684348  .004549881
  4.303482  .006725528  .004570882
  4.323377  .006766875  .00459198
  4.343365  .00680857  .004613176
  4.363444  .006850434  .004634469
  4.383617  .00689265  .004655861
  4.403883  .006935039  .004677351
  4.424243  .006977783  .004698941
  4.444697  .007020794  .00472063
  4.465245  .007064027  .00474242
  4.485889  .007108047  .00476431
  4.506628  .007151869  .004786301
  4.527463  .007195916  .004808393
  4.548394  .007240286  .004830588
  4.569422  .007284932  .004852885
  4.590548  .007329856  .004875285
  4.611771  .007375061  .004897788
  4.633092  .007421023  .004920395
  4.654512  .007466794  .004943107
  4.676031  .007512897  .004965923
  4.69765  .007559288  .004988845
  4.719369  .00760592  .005011872
  4.741188  .007652843  .005035006
  4.763108  .007700587  .005058247
  4.785129  .007748097  .005081594
  4.807252  .007796  .00510505
  4.829478  .007844104  .005128614
  4.851806  .007892352  .005152286
  4.874238  .007941846  .005176068
  4.896773  .007990855  .00519996
  4.919413  .00804027  .005223962
  4.942158  .008089942  .005248075
  4.965007  .00814041  .005272299
  4.987963  .008190703  .005296634
  5.011024  .00824136  .005321083
  5.034193  .008292333  .005345644
  5.057468  .008344061  .005370318
  5.080851  .00839567  .005395106
  5.104342  .008447601  .005420009
  5.127942  .008500294  .005445027
  5.151651  .008552874  .00547016
  5.17547  .00860578  .005495409
  5.199399  .008658837  .005520774
  5.223439  .008713025  .005546257
  5.24759  .008766977  .005571857
  5.271852  .008821265  .005597576
  5.296227  .008876282  .005623413
  5.320715  .008931195  .00564937
  5.345316  .008986555  .005675446
  5.37003  .009042597  .005701643
  5.394859  .009098541  .00572796
  5.419803  .009155579  .005754399
  5.444863  .009212028  .00578096
  5.470038  .00926913  .005807644
  5.49533  .009326925  .005834451
  5.520738  .009384739  .005861382
  5.546265  .009442804  .005888437
  5.571909  .009501785  .005915616
  5.597672  .009560628  .005942922
  5.623554  .009620285  .005970353
  5.649556  .009679916  .005997911
  5.675678  .009740138  .006025596
  5.701921  .009800631  .006053409
  5.728286  .00986138  .00608135
  5.754772  .009922955  .00610942
  5.781381  .009984461  .00613762
  5.808114  .01004669  .00616595
  5.834969  .01010896  .006194411
  5.861949  .01017207  .006223003
  5.889054  .01023511  .006251727
  5.916285  .01029877  .006280584
  5.943641  .01036283  .006309573
  5.971124  .01042786  .006338697
  5.998734  .01049213  .006367955
  6.026471  .01055773  .006397348
  6.054338  .01062304  .006426877
  6.082333  .01068898  .006456542
  6.110457  .01075557  .006486344
  6.138712  .01082268  .006516284
  6.167097  .01088974  .006546362
  6.195614  .01095768  .006576578
  6.224262  .01102569  .006606934
  6.253044  .01109441  .006637431
  6.281958  .01116321  .006668068
  6.311006  .01123283  .006698846
  6.340189  .01130255  .006729767
  6.369506  .01137297  .00676083
  6.39896  .01144388  .006792036
  6.428549  .01151484  .006823387
  6.458276  .01158663  .006854882
  6.48814  .01165853  .006886523
  6.518142  .0117312  .00691831
  6.548283  .01180432  .006950243
  6.578563  .01187756  .006982324
  6.608984  .01195159  .007014553
  6.639545  .01202573  .007046931
  6.670248  .01210067  .007079458
  6.701092  .01217607  .007112135
  6.73208  .0122516  .007144963
  6.763211  .01232798  .007177943
  6.794486  .01240484  .007211075
  6.825905  .01248178  .00724436
  6.85747  .01255952  .007277798
  6.889181  .01263773  .007311391
  6.921039  .01271616  .007345139
  6.953045  .01279541  .007379042
  6.985198  .01287507  .007413102
  7.0175  .01295459  .00744732
  7.049952  .01303561  .007481695
  7.082553  .01311682  .007516229
  7.115306  .01319845  .007550922
  7.14821  .01328033  .007585776
  7.181266  .01336304  .00762079
  7.214476  .01344619  .007655966
  7.247839  .01352972  .007691304
  7.281356  .01361383  .007726806
  7.315029  .01369858  .007762471
  7.348857  .01378385  .007798301
  7.382842  .01386957  .007834296
  7.416984  .01395564  .007870458
  7.451285  .01404249  .007906786
  7.485743  .01412986  .007943282
  7.520362  .01421771  .007979947
  7.55514  .01430569  .008016781
  7.59008  .01439497  .008053784
  7.625181  .01448444  .008090959
  7.660445  .01457459  .008128305
  7.695871  .01466515  .008165824
  7.731462  .01475641  .008203515
  7.767218  .01484791  .008241381
  7.803138  .01494015  .008279422
  7.839226  .01503309  .008317638
  7.87548  .01512646  .00835603
  7.911902  .01522053  .0083946
  7.948492  .01531518  .008433348
  7.985252  .01541013  .008472274
  8.022182  .01550578  .00851138
  8.059283  .01560218  .008550667
  8.096555  .01569916  .008590135
  8.134  .01579659  .008629785
  8.171618  .01589476  .008669619
  8.209411  .01599353  .008709636
  8.247378  .01609283  .008749838
  8.285521  .01619274  .008790225
  8.323841  .01629332  .008830799
  8.362337  .01639438  .00887156
  8.401013  .01649648  .008912509
  8.439867  .01659849  .008953648
  8.4789  .01670155  .008994976
  8.518115  .01680517  .009036495
  8.557511  .01690941  .009078205
  8.597089  .01701437  .009120108
  8.636851  .01711997  .009162205
  8.676796  .01722621  .009204496
  8.716927  .01733309  .009246982
  8.757243  .01744055  .009289664
  8.797745  .01754867  .009332543
  8.838435  .01765752  .00937562
  8.879314  .01776703  .009418896
  8.920382  .01787721  .009462372
  8.961639  .01798805  .009506048
  9.003088  .01809958  .009549926
  9.044728  .01821178  .009594006
  9.086562  .01832466  .00963829
  9.128589  .01843823  .009682779
  9.17081  .01855249  .009727472
  9.213227  .01866744  .009772372
  9.25584  .0187831  .009817479
  9.29865  .01889895  .009862795
  9.341659  .01901662  .009908319
  9.384866  .01913439  .009954054
  9.428274  .01925288  .01
  9.471882  .01937209  .01004616
  9.515692  .01949202  .01009253
  9.559705  .01961268  .01013911
  9.603922  .01973408  .01018591
  9.648344  .01985621  .01023293
  9.692971  .01997908  .01028016
  9.737804  .0201027  .01032761
  9.782845  .02022715  .01037528
  9.828095  .02035227  .01042317
  9.873554  .02047823  .01047129
  9.919223  .02060496  .01051962
  9.965104  .02073237  .01056818
  10.0112  .02086056  .01061696
  10.0575  .02098879  .01066596
  10.10402  .02111934  .01071519
  10.15076  .02124987  .01076465
  10.19771  .02138128  .01081434
  10.24488  .02151348  .01086426
  10.29227  .02164641  .0109144
  10.33988  .02178019  .01096478
  10.38771  .02191473  .01101539
  10.43576  .02205009  .01106624
  10.48403  .02218634  .01111732
  10.53252  .02232343  .01116863
  10.58124  .0224613  .01122018
  10.63019  .02259997  .01127197
  10.67936  .02273947  .011324
  10.72876  .02287999  .01137627
  10.77839  .02302123  .01142878
  10.82825  .02316329  .01148154
  10.87833  .0233062  .01153453
  10.92865  .02345007  .01158777
  10.97921  .02359475  .01164126
  11.03  .02374036  .01169499
  11.08102  .02388678  .01174898
  11.13228  .02403408  .01180321
  11.18377  .02418228  .01185769
  11.23551  .02433154  .01191242
  11.28748  .02448154  .01196741
  11.33969  .02463244  .01202264
  11.39215  .02478434  .01207814
  11.44485  .02493716  .01213389
  11.49779  .02509277  .0121899
  11.55098  .0252454  .01224616
  11.60442  .02540111  .01230269
  11.6581  .02555746  .01235947
  11.71203  .02571497  .01241652
  11.76621  .02587334  .01247384
  11.82064  .02603264  .01253141
  11.87532  .02619311  .01258925
  11.93026  .02635438  .01264736
  11.98545  .02651662  .01270574
  12.04089  .02667989  .01276439
  12.09659  .0268442  .01282331
  12.15255  .02700931  .0128825
  12.20877  .02717561  .01294196
  12.26525  .02734276  .0130017
  12.32199  .02751109  .01306171
  12.379  .02768043  .013122
  12.43626  .02785063  .01318257
  12.4938  .02802203  .01324342
  12.5516  .02819425  .01330454
  12.60966  .02836773  .01336596
  12.668  .02854315  .01342765
  12.7266  .02871767  .01348963
  12.78548  .02889433  .01355189
  12.84463  .02907182  .01361445
  12.90405  .02925062  .01367729
  12.96375  .02943031  .01374042
  13.02373  .02961129  .01380384
  13.08398  .02979315  .01386756
  13.14451  .02997633  .01393157
  13.20532  .03016035  .01399587
  13.26641  .03034581  .01406048
  13.32779  .03053207  .01412538
  13.38945  .03071973  .01419058
  13.4514  .03090825  .01425608
  13.51363  .03109825  .01432188
  13.57615  .03128906  .01438799
  13.63896  .03148132  .0144544
  13.70206  .03167449  .01452112
  13.76545  .0318691  .01458814
  13.82914  .03206462  .01465548
  13.89312  .0322616  .01472313
  13.9574  .03245945  .01479108
  14.02197  .03265889  .01485936
  14.08685  .03285909  .01492794
  14.15202  .03306101  .01499685
  14.2175  .03326366  .01506607
  14.28328  .03346854  .01513561
  14.34936  .03367315  .01520548
  14.41575  .03387956  .01527566
  14.48245  .03408764  .01534617
  14.54946  .03429651  .015417
  14.61677  .03450719  .01548817
  14.6844  .03471861  .01555966
  14.75234  .03493071  .01563148
  14.8206  .03514587  .01570363
  14.88917  .03536122  .01577611
  14.95806  .03557835  .01584893
  15.02727  .03579628  .01592209
  15.0968  .03601695  .01599558
  15.16665  .03623672  .01606941
  15.23682  .03645871  .01614359
  15.30732  .03668255  .0162181
  15.37815  .03690721  .01629296
  15.4493  .03713334  .01636817
  15.52079  .03736126  .01644372
  15.5926  .03759011  .01651962
  15.66475  .03782036  .01659587
  15.73723  .0380525  .01667247
  15.81004  .03828562  .01674943
  15.8832  .03852006  .01682674
  15.95669  .03875655  .01690441
  16.03052  .03899393  .01698244
  16.1047  .0392327  .01706082
  16.17922  .03947357  .01713957
  16.25408  .03971534  .01721869
  16.32929  .03995854  .01729816
  16.40485  .04020388  .01737801
  16.48076  .04045013  .01745822
  16.55702  .04069783  .01753881
  16.63363  .04094773  .01761976
  16.7106  .04119855  .01770109
  16.78792  .04145086  .01778279
  16.8656  .04170472  .01786488
  16.94364  .0419609  .01794734
  17.02205  .0422179  .01803018
  17.10081  .04247649  .0181134
  17.17995  .04273745  .01819701
  17.25944  .04299919  .018281
  17.33931  .04326265  .01836538
  17.41954  .04352769  .01845015
  17.50015  .04379512  .01853532
  17.58113  .04406345  .01862087
  17.66249  .04433345  .01870682
  17.74422  .04460512  .01879317
  17.82633  .04487926  .01887991
  17.90882  .04515431  .01896706
  17.9917  .04543108  .01905461
  18.07495  .04570956  .01914256
  18.1586  .04599076  .01923092
  18.24263  .04627262  .01931968
  18.32704  .04655634  .01940886
  18.41185  .04684183  .01949845
  18.49706  .04712905  .01958845
  18.58266  .04741898  .01967886
  18.66865  .04770986  .0197697
  18.75504  .04800256  .01986095
  18.84183  .04829709  .01995262
  18.92903  .04859347  .02004472
  19.01663  .04889268  .02013724
  19.10463  .04919274  .02023019
  19.19304  .04949468  .02032357
  19.28186  .04979859  .02041738
  19.3711  .0501044  .02051162
  19.46074  .05041133  .0206063
  19.5508  .05072279  .02070141
  19.64128  .05103438  .02079697
  19.73218  .051348  .02089296
  19.8235  .05166354  .0209894
  19.91524  .05198108  .02108628
  20.0074  .05230177  .02118361
  20.1  .05262342  .02128139
  20.19302  .05294711  .02137962
  20.28647  .05327275  .0214783
  20.38036  .05360058  .02157744
  20.47468  .05393044  .02167704
  20.56944  .05426216  .0217771
  20.66463  .05459769  .02187762
  20.76027  .05493398  .0219786
  20.85635  .05527231  .02208005
  20.95288  .05561293  .02218196
  21.04985  .05595561  .02228435
  21.14727  .05630062  .02238721
  21.24514  .0566476  .02249055
  21.34347  .05699853  .02259436
  21.44225  .05735014  .02269865
  21.54149  .05770408  .02280342
  21.64119  .05806032  .02290868
  21.74135  .05841886  .02301442
  21.84198  .05877973  .02312065
  21.94307  .05914288  .02322737
  22.04463  .05950852  .02333458
  22.14666  .05987784  .02344229
  22.24916  .06024815  .02355049
  22.35214  .060621  .0236592
  22.45559  .06099617  .0237684
  22.55953  .06137386  .02387811
  22.66394  .06175403  .02398833
  22.76884  .06213664  .02409905
  22.87423  .06252182  .02421029
  22.9801  .06290955  .02432204
  23.08647  .06329916  .02443431
  23.19332  .06369413  .02454709
  23.30067  .06408962  .02466039
  23.40852  .06448772  .02477422
  23.51687  .06488842  .02488857
  23.62572  .06529178  .02500345
  23.73508  .06569789  .02511886
  23.84494  .06610672  .02523481
  23.95531  .06651822  .02535129
  24.06619  .066935  .0254683
  24.17759  .06735125  .02558586
  24.2895  .06777117  .02570396
  24.40193  .06819386  .0258226
  24.51488  .06861941  .02594179
  24.62836  .06904783  .02606154
  24.74236  .06947916  .02618183
  24.85689  .06991342  .02630268
  24.97195  .07035069  .02642409
  25.08754  .07079095  .02654606
  25.20367  .07123415  .02666859
  25.32034  .07167976  .02679168
  25.43754  .07213148  .02691535
  25.55529  .07258388  .02703958
  25.67359  .07303938  .02716439
  25.79243  .07349803  .02728978
  25.91183  .07395985  .02741574
  26.03177  .07442487  .02754229
  26.15228  .07489312  .02766942
  26.27334  .07536462  .02779713
  26.39496  .07583929  .02792544
  26.51715  .07631666  .02805434
  26.6399  .07680106  .02818383
  26.76322  .07728591  .02831392
  26.88712  .07777411  .02844461
  27.01159  .07826581  .02857591
  27.13663  .07876098  .02870781
  27.26225  .0792596  .02884032
  27.38846  .07976182  .02897344
  27.51525  .08026979  .02910717
  27.64263  .08077921  .02924152
  27.7706  .0812922  .0293765
  27.89916  .08180893  .02951209
  28.02832  .08232931  .02964831
  28.15807  .0828535  .02978516
  28.28843  .08338147  .02992265
  28.41939  .08391555  .03006076
  28.55096  .08445115  .03019952
  28.68314  .08499065  .03033891
  28.81593  .08553415  .03047895
  28.94934  .08608161  .03061963
  29.08336  .08663309  .03076097
  29.21801  .08719087  .03090295
  29.35328  .08775051  .0310456
  29.48918  .08831428  .0311889
  29.62571  .08888222  .03133286
  29.76287  .08945432  .03147748
  29.90066  .09003384  .03162278
  30.0391  .09061388  .03176874
  30.17817  .09119897  .03191538
  30.3179  .09178839  .03206269
  30.45826  .09238225  .03221069
  30.59929  .09298318  .03235937
  30.74096  .09358613  .03250873
  30.88329  .09419365  .03265878
  31.02628  .09480569  .03280953
  31.16993  .09542511  .03296097
  31.31425  .09604668  .03311311
  31.45924  .09667302  .03326596
  31.6049  .09730407  .0334195
  31.75123  .09794283  .03357376
  31.89825  .09858377  .03372873
  32.04594  .09922974  .03388442
  32.19432  .09988345  .03404082
  32.34339  .1005396  .03419794
  32.49315  .1012007  .03435579
  32.64361  .10187  .03451437
  32.79476  .1025417  .03467369
  32.94661  .1032188  .03483373
  33.09917  .103904  .03499452
  33.25243  .1045919  .03515604
  33.40641  .1052881  .03531832
  33.56109  .1059871  .03548134
  33.7165  .1066948  .03564511
  33.87263  .1074049  .03580964
  34.02948  .1081209  .03597493
  34.18706  .1088457  .03614099
  34.34536  .1095735  .03630781
  34.50441  .1103102  .03647539
  34.66419  .11105  .03664376
  34.82471  .1117988  .0368129
  34.98598  .1125509  .03698282
  35.14799  .1133122  .03715352
  35.31076  .1140764  .03732502
  35.47428  .1148508  .0374973
  35.63855  .1156314  .03767038
  35.80359  .1164154  .03784426
  35.9694  .1172091  .03801894
  36.13598  .1180096  .03819443
  36.30332  .1188138  .03837072
  36.47145  .1196279  .03854784
  36.64035  .120449  .03872576
  36.81004  .121274  .03890451
  36.98052  .1221093  .03908409
  37.15178  .1229518  .03926449
  37.32384  .1238017  .03944573
  37.4967  .1246554  .0396278
  37.67036  .1255204  .03981072
  37.84483  .1263926  .03999447
  38.0201  .1272726  .04017908
  38.19619  .1281603  .04036454
  38.3731  .129056  .04055085
  38.55082  .1299595  .04073803
  38.72938  .1308711  .04092607
  38.90876  .131791  .04111497
  39.08897  .1327191  .04130475
  39.27002  .1336555  .0414954
  39.45191  .1346005  .04168694
  39.63464  .135554  .04187936
  39.81822  .1365163  .04207266
  40.00265  .1374873  .04226686
  40.18794  .1384673  .04246196
  40.37409  .1394597  .04265795
  40.5611  .1404579  .04285485
  40.74898  .1414654  .04305266
  40.93773  .1424822  .04325138
  41.12736  .1435119  .04345102
  41.31787  .144548  .04365158
  46.54108  .1467781  .04914516
  47.65077  .1522359  .05031319
  48.78715  .1579905  .05150917
  49.95085  .1640643  .05273376
  51.14253  .1704816  .05398764
  52.36287  .1772684  .0552715
  53.61256  .184453  .05658607
  54.8923  .1920662  .05793206
  56.20282  .200141  .05931022
  57.54485  .2087133  .06072134
  58.91916  .2178218  .06216615
  60.32652  .2275082  .06364548
  61.76773  .237818  .06516013
  63.24359  .2487996  .06671095
  64.75495  .260506  .06829878
  66.30267  .272994  .0699245
  67.8876  .2863251  .07158899
  69.51064  .3005654  .07329317
  71.17272  .3157865  .07503797
  72.87478  .3320654  .07682432
  74.61778  .3494853  .07865324
  76.40269  .3681358  .08052568
  78.23053  .3881132  .08244267
  80.10234  .4095218  .08440527
  82.01918  .4324735  .08641452
  83.98212  .4570887  .0884715
  85.99229  .4834975  .09057734
  88.05082  .5118395  .09273316
  90.15888  .542265  .09494012
  92.31769  .5749358  .09719942
  94.52844  .6100256  .09951224
  96.79242  .6477216  .1018798
  99.11092  .6882246  .1043035
  101.4852  .7317504  .1067844
  102.6937  .7547189  .1080468
  103.9168  .7785314  .1093241
  105.1544  .8032196  .1106163
  106.4069  .8288164  .1119236
  107.6744  .8553558  .1132464
  108.9571  .8828732  .1145846
  110.2551  .9114049  .1159386
  111.5687  .9409889  .1173083
  112.8982  .9716585  .1186944
  114.2487  1.00325  .1201019
  115.6188  1.035879  .1215296
  117.0077  1.069641  .1229763
  118.4153  1.104603  .1244419
  119.8412  1.140827  .1259263
  121.2856  1.178371  .1274296
  122.7486  1.217295  .1289518
  124.2305  1.257659  .130493
  125.7312  1.299522  .1320532
  127.2509  1.342948  .1336328
  128.7899  1.387999  .1352318
  130.3482  1.43474  .1368504
  131.9262  1.483241  .1384887
  133.524  1.53357  .1401469
  135.1418  1.585798  .1418254
  136.7798  1.640001  .1435241
  138.4382  1.696254  .1452434
  140.1174  1.754637  .1469834
  141.8174  1.81523  .1487444
  143.5386  1.878121  .1505264
  145.2812  1.943394  .1523298
  147.0455  2.011141  .1541548
  148.8316  2.081456  .1560016
  150.6399  2.154434  .1578705
  152.4707  2.230176  .1597615
  154.3241  2.308787  .1616751
  156.2005  2.390371  .1636115
  158.1001  2.475039  .1655707
  160.0234  2.562908  .1675532
  161.9704  2.654095  .1695591
  163.9415  2.748721  .1715888
  165.937  2.846915  .1736424
  167.9574  2.948807  .1757202
  170.0026  3.054533  .1778225
  172.0733  3.164231  .1799495
  174.1697  3.278049  .1821014
  176.292  3.396133  .1842788
  178.4406  3.518642  .1864816
  180.6159  3.645734  .1887101
  182.8183  3.777575  .1909649
  185.048  3.914337  .193246
  187.3054  4.056196  .1955537
  189.591  4.203337  .1978884
  191.9049  4.355948  .2002504
  194.2478  4.514225  .2026399
  196.6197  4.67837  .2050572
  199.0214  4.848594  .2075027
  201.453  5.025112  .2099766
  203.9151  5.208149  .2124792
  206.408  5.397935  .2150109
  208.932  5.59471  .2175721
  211.4879  5.798721  .2201629
  214.0757  6.010224  .2227838
  216.6962  6.229482  .225435
  219.3496  6.456769  .2281169
  222.0364  6.692367  .23083
  224.7573  6.936568  .2335743
  227.5126  7.189673  .2363504
  230.3027  7.451994  .2391585
  233.1282  7.723853  .2419991
  235.9896  8.005583  .2448725
  238.8875  8.297529  .2477791
  241.8222  8.600046  .2507191
  244.7945  8.913501  .2536931
  247.8047  9.238274  .2567012
  250.8537  9.574759  .2597441
  253.9417  9.92336  .262822
  257.0696  10.2845  .2659354
  260.2377  10.6586  .2690845
  263.4469  11.04613  .27227
  266.6976  11.44753  .275492
  269.9905  11.8633  .2787511
  273.3262  12.29392  .2820476
  276.7056  12.7399  .2853821
  280.129  13.20178  .2887549
  283.5974  13.68009  .2921663
  287.1114  14.1754  .2956171
  290.6718  14.68831  .2991074
  294.2791  15.2194  .3026379
  297.9343  15.76929  .3062089
  301.6381  16.33864  .309821
  305.3912  16.92811  .3134745
  309.1945  17.5384  .3171699
  313.0489  18.17019  .3209079
  316.9552  18.82424  .3246888
  320.9141  19.5013  .3285131
  324.9266  20.20214  .3323814
  328.9937  20.9276  .3362942
  333.1162  21.6785  .340252
  337.2951  22.45571  .3442553
  341.5314  23.26013  .3483046
  345.8261  24.09267  .3524005
  350.1801  24.95432  .3565436
  354.5947  25.84604  .3607344
  359.0707  26.76885  .3649735
  363.6093  27.72383  .3692614
  368.2117  28.71206  .3735989
  372.8791  29.73467  .3779863
  377.6125  30.79283  .3824244
  382.4132  31.88777  .3869138
  387.2826  33.02071  .3914551
  392.2218  34.19295  .3960489
  397.2322  35.40583  .4006959
  402.3151  36.66075  .4053968
  407.4719  37.95911  .4101521
  412.7041  39.30241  .4149627
  418.0131  40.69217  .4198291
  423.4003  42.12998  .4247522
  428.8675  43.61747  .4297326
  434.4161  45.15634  .434771
  440.0477  46.74835  .4398682
  445.7642  48.3953  .4450249
  451.5673  50.09908  .450242
  457.4585  51.86163  .4555201
  463.4398  53.68495  .4608601
  469.5131  55.57113  .4662629
  475.6803  57.52233  .4717292
  481.9435  59.54077  .4772598
  488.3046  61.62875  .4828558
  494.7658  63.78869  .4885178
  501.3292  66.02304  .4942469
  507.997  68.33438  .5000438
  514.7718  70.72535  .5059097
  521.6557  73.19872  .5118455
  528.6511  75.75732  .5178519
  535.7608  78.40411  .5239302
  542.9872  81.14216  .5300812
  550.333  83.97463  .5363061
  557.801  86.9048  .5426059
  565.3942  89.93608  .5489817
  573.1153  93.07201  .5554345
  580.9676  96.31623  .5619655
  588.9541  99.67256  .568576
  597.078  103.1449  .5752669
  605.3429  106.7374  .5820396
  613.752  110.4542  .5888953
  622.3091  114.2998  .5958353
  631.0177  118.2787  .6028609
  639.8819  122.3956  .6099732
  648.9055  126.6556  .6171739
  658.0926  131.0635  .6244642
  667.4475  135.6248  .6318457
  676.9747  140.3451  .6393198
  686.6785  145.2298  .6468878
  696.564  150.2851  .6545516
  706.6358  155.5171  .6623125
  716.899  160.9321  .6701723
  727.359  166.5371  .6781326
  738.0212  172.3387  .6861953
  748.8913  178.3443  .694362
  759.975  184.5613  .7026346
  771.2787  190.9976  .711015
  782.8085  197.6613  .719505
  794.5712  204.561  .7281069
  806.5735  211.7053  .7368225
  818.8225  219.1036  .745654
  831.3258  226.7653  .7546038
  844.0909  234.7006  .7636738
  857.1261  242.9198  .7728665
  870.4395  251.4338  .7821844
  884.0399  260.2539  .79163
  897.9365  269.3921  .8012058
  912.1387  278.8604  .8109145
  926.6564  288.6722  .8207589
  941.4999  298.8407  .8307419
  956.68  309.3801  .8408664
  972.208  320.3051  .8511355
  988.0957  331.6313  .8615525
  1004.356  343.3747  .8721206
  1021.  355.5525  .8828433
  1038.043  368.1821  .8937242
  1055.499  381.2825  .9047671
  1073.381  394.8729  .9159758
  1091.708  408.9738  .9273543
  1110.493  423.6069  .9389069
  1129.755  438.7948  .9506381
  1149.512  454.5611  .9625522
  1169.781  470.9307  .9746542
  1190.584  487.9302  .986949
  1211.942  505.587  .9994419
  1233.877  523.9304  1.012138
  1256.411  542.991  1.025044
  1279.569  562.8014  1.038165
  1303.378  583.3958  1.051507
  1327.865  604.8102  1.065077
  1353.059  627.0831  1.078883
  1378.99  650.2548  1.09293
  1405.693  674.368  1.107227
  1433.198  699.4683  1.121781
  1461.546  725.6037  1.136602
  1490.773  752.8251  1.151697
  1520.921  781.1868  1.167077
  1552.034  810.7463  1.18275
  1584.157  841.5647  1.198727
  1617.341  873.7073  1.215018
  1651.638  907.2433  1.231636
  1687.104  942.2467  1.248591
  1723.799  978.7961  1.265897
  1761.786  1016.976  1.283566
  1801.134  1056.875  1.301614
  1841.916  1098.591  1.320054
  1884.207  1142.224  1.338901
  1928.092  1187.887  1.358172
  1973.66  1235.694  1.377883
  2021.004  1285.772  1.398053
  2070.227  1338.257  1.418701
  2121.436  1393.291  1.439847
  2174.747  1451.029  1.461511
  2230.284  1511.638  1.483712
  2288.182  1575.294  1.506478
  2348.578  1642.186  1.529828
  2411.625  1712.519  1.553787
  2477.486  1786.51  1.578382
  2546.329  1864.391  1.603636
  2618.339  1946.41  1.629579
  2693.708  2032.834  1.656235
  2772.644  2123.943  1.683634
  2855.362  2220.036  1.711802
