  5.85565907E-09  6.08060092E-15  6.29500011E-12
  1.47064503E-08  3.10020801E-14  1.58099991E-11
  3.69456217E-08  1.51703005E-13  3.97200016E-11
  9.27706907E-08  7.18264695E-13  9.97599989E-11
  2.33104601E-07  3.28616995E-12  2.50600013E-10
  5.85565886E-07  1.446514E-11  6.29399977E-10
  1.47064497E-06  6.08746525E-11  1.581E-09
  4.65143512E-06  3.28180205E-10  4.99999997E-09
  1.85204808E-05  2.39192799E-09  1.98999999E-08
  3.69568406E-05  6.27779606E-09  3.97199997E-08
  7.37566224E-05  1.62498797E-08  7.9240003E-08
  .000293736492  1.01655402E-07  3.15499989E-07
  .000929389498  4.28088299E-07  9.97599955E-07
  .00147288898  7.93772983E-07  1.58099999E-06
  .009305113  8.89250441E-06  9.976E-06
  .0147569301  1.56196093E-05  1.58099992E-05
  .0588370301  9.3293289E-05  6.2940002E-05
  .0741492435  .000126866405  7.92400024E-05
  .1034275  .000180471005  .000110499997
  .234899402  .000470397907  .000250599987
  .370746195  .000567747396  .000395100011
  .545630693  .000675830292  .000581200002
  .8250646  .000873025507  .000878599996
  1.87973201  .00200615311  .00200000009
  2.25611305  .00237614894  .00240000011
  2.8215782  .00255992265  .003
  3.29240033  .0029599044  .0035
  3.76322245  .00336008347  .004
  4.23404458  .00373993787  .0045
  4.70486671  .0041199896  .005
  5.17588616  .00447991397  .0055
  5.64690561  .00484003567  .006
  6.11772774  .0051900937  .0065
  6.58874719  .00552002438  .007
  7.05976665  .00586001873  .0075
  7.53098343  .00618008306  .008
  8.00200288  .00649008371  .0085
  8.47302234  .00680995072  .009
  8.94423912  .00711995137  .0095
  9.41525857  .00742008568  .01
  11.2999284  .00868001832  .012
  13.1847955  .0100999831  .014
  15.0700573  .0117800249  .016
  16.955319  .0138799784  .018
  18.8409755  .0165399458  .02
  20.7272239  .0198708249  .022
  22.6136696  .0240107445  .024
  24.5001154  .0290899404  .026
  26.3865611  .0351794504  .028
  28.2749801  .0423996439  .03
  30.1614258  .050839318  .032
  32.0518181  .0605991094  .034
  33.9402371  .0717599223  .036
  35.8306294  .0844598854  .038
  37.7210217  .0986398008  .04
  39.611414  .114429904  .042
  41.5037795  .131889394  .044
  43.396145  .151049841  .046
  45.2904839  .171950713  .048
  47.1848227  .194609768  .05
  49.0811348  .219013193  .052
  50.9774468  .245060352  .054
  52.8757322  .26986435  .056
   54.7387    0.3021    0.0580
   56.6372    0.3354    0.0600
   58.5369    0.3710    0.0620
   60.4377    0.4089    0.0640
   62.3398    0.4491    0.0660
   64.2431    0.4918    0.0680
   66.1477    0.5369    0.0700
   68.0537    0.5845    0.0720
   69.9610    0.6347    0.0740
   71.8697    0.6875    0.0760
   73.7798    0.7429    0.0780
   75.6914    0.8010    0.0800
   77.6044    0.8619    0.0820
   79.5190    0.9255    0.0840
   81.4351    0.9919    0.0860
   83.3528    1.0612    0.0880
   85.2721    1.1333    0.0900
   87.1931    1.2085    0.0920
   89.1157    1.2866    0.0940
   91.0400    1.3677    0.0960
   92.9660    1.4519    0.0980
   94.8938    1.5392    0.1000
   96.8234    1.6297    0.1020
   98.7547    1.7234    0.1040
  100.6879    1.8204    0.1060
  102.6230    1.9206    0.1080
  104.5599    2.0243    0.1100
  106.4988    2.1303    0.1120
  108.4395    2.2375    0.1140
  110.3822    2.3471    0.1160
  112.3267    2.4589    0.1180
  114.2732    2.5734    0.1200
  116.2216    2.6909    0.1220
  118.1720    2.8114    0.1240
  120.1243    2.9348    0.1260
  122.0787    3.0615    0.1280
  124.0350    3.1914    0.1300
  125.9933    3.3247    0.1320
  127.9537    3.4615    0.1340
  129.9162    3.6017    0.1360
  131.8807    3.7456    0.1380
  133.8474    3.8932    0.1400
  135.8162    4.0446    0.1420
  137.7871    4.2000    0.1440
  139.7603    4.3593    0.1460
  141.7356    4.5228    0.1480
  143.7132    4.6904    0.1500
  145.6931    4.8624    0.1520
  147.6752    5.0389    0.1540
  149.6597    5.2199    0.1560
  151.6465    5.4056    0.1580
  153.6357    5.5961    0.1600
  155.6273    5.7915    0.1620
  157.6213    5.9920    0.1640
  159.6179    6.1977    0.1660
  161.6169    6.4088    0.1680
  163.6185    6.6254    0.1700
  165.6227    6.8477    0.1720
  167.6295    7.0758    0.1740
  169.6389    7.3099    0.1760
  171.6510    7.5502    0.1780
  173.6659    7.7968    0.1800
  175.6835    8.0499    0.1820
  177.7040    8.3098    0.1840
  179.7273    8.5765    0.1860
  181.7536    8.8504    0.1880
  183.7828    9.1316    0.1900
  185.8149    9.4203    0.1920
  187.8502    9.7167    0.1940
  189.8885   10.0211    0.1960
  191.9300   10.3336    0.1980
  193.9747   10.6546    0.2000
  196.0226   10.9842    0.2020
  198.0738   11.3227    0.2040
  200.1284   11.6703    0.2060
  202.1864   12.0272    0.2080
  204.2479   12.3937    0.2100
  206.3130   12.7701    0.2120
  208.3816   13.1566    0.2140
  210.4539   13.5535    0.2160
  212.5299   13.9610    0.2180
  214.6097   14.3793    0.2200
  216.6934   14.8088    0.2220
  218.7809   15.2496    0.2240
  220.8725   15.7021    0.2260
  222.9681   16.1665    0.2280
  225.0679   16.6430    0.2300
  227.1718   17.1319    0.2320
  229.2800   17.6334    0.2340
  231.3926   18.1478    0.2360
  233.5096   18.6753    0.2380
  235.6310   19.2161    0.2400
  237.7570   19.7706    0.2420
  239.8877   20.3388    0.2440
  242.0231   20.9211    0.2460
  244.1632   21.5175    0.2480
  246.3083   22.1284    0.2500
  248.4583   22.7539    0.2520
  250.6133   23.3925    0.2540
  252.7734   24.0495    0.2560
  254.9386   24.7199    0.2580
  257.1092   25.4056    0.2600
  259.2851   26.1068    0.2620
  261.4663   26.8236    0.2640
  263.6531   27.5561    0.2660
  265.8454   28.3044    0.2680
  268.0434   29.0687    0.2700
  270.2471   29.8490    0.2720
  272.4566   30.6455    0.2740
  274.6720   31.4581    0.2760
  276.8933   32.2871    0.2780
  279.1207   33.1324    0.2800
  281.3541   33.9941    0.2820
  283.5937   34.8722    0.2840
  285.8396   35.7668    0.2860
  288.0917   36.6778    0.2880
  290.3503   37.6054    0.2900
  292.6153   38.5495    0.2920
  294.8868   39.5101    0.2940
  297.1649   40.4872    0.2960
  299.4497   41.4807    0.2980
  301.7412   42.4907    0.3000
  304.0395   43.5171    0.3020
  306.3446   44.5599    0.3040
  308.6567   45.6191    0.3060
  310.9757   46.6945    0.3080
  313.3018   47.7862    0.3100
  315.6349   48.8940    0.3120
  317.9752   50.0180    0.3140
  320.3228   51.1580    0.3160
  322.6776   52.3140    0.3180
  325.0397   53.4858    0.3200
  327.4091   54.6735    0.3220
  329.7860   55.8770    0.3240
  332.1704   57.0961    0.3260
  334.5623   58.3308    0.3280
  336.9618   59.5809    0.3300
  339.3689   60.8465    0.3320
  341.7837   62.1274    0.3340
  344.2062   63.4235    0.3360
  346.6365   64.7347    0.3380
  349.0745   66.0609    0.3400
  351.5204   67.4021    0.3420
  353.9742   68.7581    0.3440
  356.4359   70.1289    0.3460
  358.9056   71.5144    0.3480
  361.3833   72.9144    0.3500
  363.8690   74.3288    0.3520
  366.3629   75.7577    0.3540
  368.8648   77.2008    0.3560
  371.3748   78.6581    0.3580
  373.8931   80.1295    0.3600
  376.4196   81.6149    0.3620
  378.9543   83.1142    0.3640
  381.4972   84.6274    0.3660
  384.0485   86.1542    0.3680
  386.6082   87.6948    0.3700
  389.1761   89.2488    0.3720
  391.7525   90.8164    0.3740
  394.3373   92.3974    0.3760
  396.9306   93.9916    0.3780
  399.5323   95.5991    0.3800
  402.1425   97.2197    0.3820
  404.7612   98.8534    0.3840
  407.3885  100.5001    0.3860
  410.0243  102.1597    0.3880
  412.6687  103.8321    0.3900
  415.3218  105.5173    0.3920
  417.9834  107.2151    0.3940
  420.6538  108.9256    0.3960
  423.3327  110.6486    0.3980
  426.0204  112.3841    0.4000
  428.7168  114.1320    0.4020
  431.4219  115.8922    0.4040
  434.1358  117.6647    0.4060
  436.8584  119.4494    0.4080
  439.5898  121.2462    0.4100
  442.3299  123.0552    0.4120
  445.0789  124.8761    0.4140
  447.8368  126.7090    0.4160
  450.6034  128.5538    0.4180
  453.3790  130.4105    0.4200
  456.1633  132.2790    0.4220
  458.9566  134.1591    0.4240
  461.7588  136.0510    0.4260
  464.5699  137.9545    0.4280
  467.3899  139.8696    0.4300
  470.2188  141.7962    0.4320
  473.0567  143.7342    0.4340
  475.9035  145.6837    0.4360
  478.7593  147.6446    0.4380
  481.6241  149.6168    0.4400
  484.4979  151.6003    0.4420
  487.3807  153.5950    0.4440
  490.2725  155.6010    0.4460
  493.1733  157.6181    0.4480
  496.0831  159.6463    0.4500
  499.0020  161.6855    0.4520
  501.9299  163.7358    0.4540
  504.8669  165.7971    0.4560
  507.8129  167.8694    0.4580
  510.7680  169.9526    0.4600
  513.7322  172.0466    0.4620
  516.7055  174.1515    0.4640
  519.6879  176.2672    0.4660
  522.6794  178.3936    0.4680
  525.6800  180.5308    0.4700
  528.6897  182.6787    0.4720
  531.7086  184.8373    0.4740
  534.7365  187.0065    0.4760
  537.7736  189.1864    0.4780
  540.8199  191.3768    0.4800
  543.8753  193.5777    0.4820
  546.9398  195.7891    0.4840
  550.0135  198.0111    0.4860
  553.0964  200.2435    0.4880
  556.1885  202.4863    0.4900
  559.2897  204.7396    0.4920
  562.4001  207.0032    0.4940
  565.5197  209.2771    0.4960
  568.6485  211.5614    0.4980
  571.7865  213.8560    0.5000
  574.9336  216.1609    0.5020
  578.0900  218.4760    0.5040
  581.2556  220.8013    0.5060
  584.4304  223.1369    0.5080
  587.6144  225.4826    0.5100
  590.8076  227.8385    0.5120
  594.0101  230.2045    0.5140
  597.2218  232.5806    0.5160
  600.4427  234.9668    0.5180
  603.6728  237.3631    0.5200
  606.9122  239.7694    0.5220
  610.1608  242.1858    0.5240
  613.4186  244.6122    0.5260
  616.6857  247.0486    0.5280
  619.9621  249.4949    0.5300
  623.2477  251.9512    0.5320
  626.5425  254.4174    0.5340
  629.8467  256.8936    0.5360
  633.1600  259.3796    0.5380
  636.4826  261.8756    0.5400
  639.8145  264.3814    0.5420
  643.1557  266.8970    0.5440
  646.5061  269.4225    0.5460
  649.8658  271.9578    0.5480
  653.2348  274.5029    0.5500
  656.6130  277.0578    0.5520
  660.0005  279.6225    0.5540
  663.3973  282.1969    0.5560
  666.8033  284.7811    0.5580
  670.2187  287.3749    0.5600
  673.6433  289.9785    0.5620
  677.0772  292.5918    0.5640
  680.5204  295.2148    0.5660
  683.9729  297.8474    0.5680
  687.4346  300.4897    0.5700
  690.9057  303.1417    0.5720
  694.3860  305.8033    0.5740
  697.8757  308.4745    0.5760
  701.3746  311.1553    0.5780
  704.8828  313.8457    0.5800
  708.4003  316.5457    0.5820
  711.9271  319.2552    0.5840
  715.4632  321.9743    0.5860
  719.0086  324.7030    0.5880
  722.5633  327.4412    0.5900
  726.1273  330.1889    0.5920
  729.7006  332.9462    0.5940
  733.2832  335.7129    0.5960
  736.8751  338.4891    0.5980
  740.4763  341.2749    0.6000
  744.0867  344.0701    0.6020
  747.7065  346.8747    0.6040
  751.3356  349.6888    0.6060
  754.9740  352.5124    0.6080
  758.6217  355.3454    0.6100
  762.2788  358.1878    0.6120
  765.9451  361.0396    0.6140
  769.6207  363.9008    0.6160
  773.3056  366.7715    0.6180
  776.9998  369.6515    0.6200
  780.7034  372.5409    0.6220
  784.4162  375.4396    0.6240
  788.1384  378.3478    0.6260
  791.8698  381.2652    0.6280
  795.6106  384.1921    0.6300
  799.3606  387.1282    0.6320
  803.1200  390.0737    0.6340
  806.8887  393.0285    0.6360
  810.6667  395.9927    0.6380
  814.4539  398.9661    0.6400
  818.2505  401.9489    0.6420
  822.0564  404.9409    0.6440
  825.8717  407.9422    0.6460
  829.6962  410.9528    0.6480
  833.5300  413.9726    0.6500
  837.3731  417.0018    0.6520
  841.2256  420.0401    0.6540
  845.0873  423.0878    0.6560
  848.9583  426.1446    0.6580
  852.8387  429.2108    0.6600
  856.7284  432.2861    0.6620
  860.6273  435.3707    0.6640
  864.5356  438.4644    0.6660
  868.4532  441.5674    0.6680
  872.3800  444.6796    0.6700
  876.3162  447.8010    0.6720
  880.2617  450.9316    0.6740
  884.2165  454.0713    0.6760
  888.1806  457.2203    0.6780
  892.1540  460.3784    0.6800
  896.1367  463.5457    0.6820
  900.1286  466.7222    0.6840
  904.1299  469.9078    0.6860
  908.1405  473.1026    0.6880
  912.1604  476.3065    0.6900
  916.1896  479.5195    0.6920
  920.2281  482.7417    0.6940
  924.2759  485.9730    0.6960
  928.3330  489.2135    0.6980
  932.3994  492.4630    0.7000
  936.4751  495.7217    0.7020
  940.5601  498.9895    0.7040
  944.6544  502.2664    0.7060
  948.7580  505.5524    0.7080
  952.8708  508.8475    0.7100
  956.9930  512.1517    0.7120
  961.1245  515.4650    0.7140
  965.2652  518.7874    0.7160
  969.4153  522.1188    0.7180
  973.5746  525.4593    0.7200
  977.7433  528.8089    0.7220
  981.9212  532.1675    0.7240
  986.1084  535.5352    0.7260
  990.3049  538.9120    0.7280
  994.5107  542.2978    0.7300
  998.7258  545.6927    0.7320
 1002.9502  549.0966    0.7340
 1007.1838  552.5095    0.7360
 1011.4268  555.9315    0.7380
 1015.6790  559.3625    0.7400
 1019.9405  562.8026    0.7420
 1024.2113  566.2516    0.7440
 1028.4914  569.7097    0.7460
 1032.7808  573.1768    0.7480
 1037.0794  576.6529    0.7500
 1041.3874  580.1380    0.7520
 1045.7046  583.6321    0.7540
 1050.0311  587.1353    0.7560
 1054.3669  590.6474    0.7580
 1058.7119  594.1685    0.7600
 1063.0662  597.6986    0.7620
 1067.4299  601.2378    0.7640
 1071.8027  604.7858    0.7660
 1076.1849  608.3429    0.7680
 1080.5763  611.9089    0.7700
 1084.9770  615.4839    0.7720
 1089.3870  619.0679    0.7740
 1093.8063  622.6609    0.7760
 1098.2348  626.2628    0.7780
 1102.6726  629.8737    0.7800
 1107.1197  633.4935    0.7820
 1111.5760  637.1223    0.7840
 1116.0416  640.7600    0.7860
 1120.5165  644.4067    0.7880
 1125.0006  648.0624    0.7900
 1129.4940  651.7269    0.7920
 1133.9967  655.4004    0.7940
 1138.5087  659.0829    0.7960
 1143.0299  662.7743    0.7980
 1147.5603  666.4746    0.8000
 1152.1001  670.1839    0.8020
 1156.6490  673.9020    0.8040
 1161.2073  677.6291    0.8060
 1165.7748  681.3651    0.8080
 1170.3516  685.1100    0.8100
 1174.9376  688.8639    0.8120
 1179.5329  692.6267    0.8140
 1184.1374  696.3983    0.8160
 1188.7512  700.1789    0.8180
 1193.3742  703.9684    0.8200
 1198.0065  707.7667    0.8220
 1202.6481  711.5740    0.8240
 1207.2989  715.3902    0.8260
 1211.9589  719.2152    0.8280
 1216.6283  723.0492    0.8300
 1221.3068  726.8921    0.8320
 1225.9946  730.7438    0.8340
 1230.6917  734.6044    0.8360
 1235.3980  738.4739    0.8380
 1240.1135  742.3523    0.8400
 1244.8383  746.2395    0.8420
 1249.5723  750.1357    0.8440
 1254.3156  754.0406    0.8460
 1259.0681  757.9545    0.8480
 1263.8299  761.8773    0.8500
 1268.6009  765.8088    0.8520
 1273.3811  769.7493    0.8540
 1278.1706  773.6987    0.8560
 1282.9693  777.6568    0.8580
 1287.7772  781.6239    0.8600
 1292.5944  785.5998    0.8620
 1297.4209  789.5845    0.8640
 1302.2565  793.5781    0.8660
 1307.1014  797.5806    0.8680
 1311.9555  801.5919    0.8700
 1316.8189  805.6120    0.8720
 1321.6915  809.6410    0.8740
 1326.5733  813.6788    0.8760
 1331.4643  817.7255    0.8780
 1336.3646  821.7810    0.8800
 1341.2741  825.8453    0.8820
 1346.1928  829.9185    0.8840
 1351.1208  834.0005    0.8860
 1356.0579  838.0913    0.8880
 1361.0043  842.1909    0.8900
 1365.9600  846.2994    0.8920
 1370.9248  850.4167    0.8940
 1375.8989  854.5429    0.8960
 1380.8821  858.6778    0.8980
 1385.8747  862.8216    0.9000
 1390.8764  866.9741    0.9020
 1395.8873  871.1355    0.9040
 1400.9075  875.3057    0.9060
 1405.9368  879.4847    0.9080
 1410.9754  883.6725    0.9100
 1416.0232  887.8692    0.9120
 1421.0802  892.0746    0.9140
 1426.1465  896.2889    0.9160
 1431.2219  900.5119    0.9180
 1436.3065  904.7437    0.9200
 1441.4004  908.9844    0.9220
 1446.5034  913.2338    0.9240
 1451.6157  917.4920    0.9260
 1456.7372  921.7591    0.9280
 1461.8679  926.0349    0.9300
 1467.0078  930.3195    0.9320
 1472.1569  934.6129    0.9340
 1477.3151  938.9151    0.9360
 1482.4826  943.2260    0.9380
 1487.6593  947.5458    0.9400
 1492.8452  951.8744    0.9420
 1498.0403  956.2117    0.9440
 1503.2446  960.5578    0.9460
 1508.4581  964.9127    0.9480
 1513.6808  969.2763    0.9500
 1518.9127  973.6487    0.9520
 1524.1538  978.0300    0.9540
 1529.4041  982.4200    0.9560
 1534.6635  986.8187    0.9580
 1539.9322  991.2262    0.9600
 1545.2100  995.6425    0.9620
 1550.4971 1000.0676    0.9640
 1555.7933 1004.5014    0.9660
 1561.0987 1008.9440    0.9680
 1566.4133 1013.3953    0.9700
 1571.7371 1017.8554    0.9720
 1577.0701 1022.3243    0.9740
 1582.4123 1026.8020    0.9760
 1587.7636 1031.2884    0.9780
 1593.1242 1035.7835    0.9800
 1598.4939 1040.2874    0.9820
 1603.8728 1044.8001    0.9840
 1609.2609 1049.3214    0.9860
 1614.6581 1053.8516    0.9880
 1620.0646 1058.3905    0.9900
 1625.4802 1062.9382    0.9920
 1630.9050 1067.4946    0.9940
 1636.3390 1072.0597    0.9960
 1641.7821 1076.6336    0.9980
 1647.2345 1081.2163    1.0000
 1652.6960 1085.8076    1.0020
 1658.1666 1090.4078    1.0040
 1663.6465 1095.0167    1.0060
 1669.1355 1099.6343    1.0080
 1674.6337 1104.2606    1.0100
 1680.1410 1108.8957    1.0120
 1685.6576 1113.5395    1.0140
 1691.1832 1118.1920    1.0160
 1696.7181 1122.8533    1.0180
 1702.2621 1127.5233    1.0200
 1707.8153 1132.2021    1.0220
 1713.3777 1136.8896    1.0240
 1718.9492 1141.5857    1.0260
 1724.5299 1146.2907    1.0280
 1730.1197 1151.0043    1.0300
 1735.7187 1155.7267    1.0320
 1741.3269 1160.4578    1.0340
 1746.9442 1165.1976    1.0360
 1752.5707 1169.9462    1.0380
 1758.2064 1174.7034    1.0400
 1763.8512 1179.4694    1.0420
 1769.5051 1184.2442    1.0440
 1775.1682 1189.0276    1.0460
 1780.8405 1193.8197    1.0480
 1786.5219 1198.6206    1.0500
 1792.2125 1203.4302    1.0520
 1797.9122 1208.2485    1.0540
 1803.6211 1213.0754    1.0560
 1809.3391 1217.9111    1.0580
 1815.0663 1222.7556    1.0600
 1820.8026 1227.6087    1.0620
 1826.5481 1232.4705    1.0640
 1832.3027 1237.3411    1.0660
 1838.0665 1242.2203    1.0680
 1843.8394 1247.1083    1.0700
 1849.6215 1252.0049    1.0720
 1855.4127 1256.9103    1.0740
 1861.2130 1261.8244    1.0760
 1867.0225 1266.7472    1.0780
 1872.8411 1271.6786    1.0800
 1878.6689 1276.6188    1.0820
 1884.5058 1281.5677    1.0840
 1890.3518 1286.5253    1.0860
 1896.2070 1291.4915    1.0880
 1902.0713 1296.4665    1.0900
 1907.9448 1301.4501    1.0920
 1913.8274 1306.4425    1.0940
 1919.7191 1311.4435    1.0960
 1925.6200 1316.4533    1.0980
 1931.5300 1321.4717    1.1000
 1937.4491 1326.4988    1.1020
 1943.3773 1331.5346    1.1040
 1949.3147 1336.5791    1.1060
 1955.2613 1341.6323    1.1080
 1961.2169 1346.6942    1.1100
 1967.1817 1351.7647    1.1120
 1973.1556 1356.8440    1.1140
 1979.1386 1361.9319    1.1160
 1985.1308 1367.0286    1.1180
 1991.1321 1372.1338    1.1200
 1997.1425 1377.2478    1.1220
 2003.1620 1382.3705    1.1240
 2009.1906 1387.5018    1.1260
 2015.2284 1392.6418    1.1280
 2021.2753 1397.7905    1.1300
 2027.3313 1402.9479    1.1320
 2033.3965 1408.1140    1.1340
 2039.4707 1413.2887    1.1360
 2045.5541 1418.4721    1.1380
 2051.6466 1423.6642    1.1400
 2057.7482 1428.8650    1.1420
 2063.8589 1434.0744    1.1440
 2069.9788 1439.2925    1.1460
 2076.1077 1444.5193    1.1480
 2082.2458 1449.7547    1.1500
 2088.3930 1454.9989    1.1520
 2094.5492 1460.2516    1.1540
 2100.7146 1465.5131    1.1560
 2106.8892 1470.7832    1.1580
 2113.0728 1476.0620    1.1600
 2119.2655 1481.3495    1.1620
 2125.4673 1486.6456    1.1640
 2131.6783 1491.9504    1.1660
 2137.8983 1497.2639    1.1680
 2144.1275 1502.5860    1.1700
 2150.3658 1507.9167    1.1720
 2156.6131 1513.2562    1.1740
 2162.8696 1518.6043    1.1760
 2169.1352 1523.9611    1.1780
 2175.4099 1529.3264    1.1800
 2181.6936 1534.7005    1.1820
 2187.9865 1540.0833    1.1840
 2194.2885 1545.4747    1.1860
 2200.5996 1550.8748    1.1880
 2206.9197 1556.2834    1.1900
 2213.2490 1561.7008    1.1920
 2219.5874 1567.1269    1.1940
 2225.9349 1572.5616    1.1960
 2232.2914 1578.0049    1.1980
 2238.6571 1583.4568    1.2000
 2245.0318 1588.9175    1.2020
 2251.4157 1594.3868    1.2040
 2257.8086 1599.8648    1.2060
 2264.2106 1605.3514    1.2080
 2270.6218 1610.8466    1.2100
 2277.0420 1616.3505    1.2120
 2283.4713 1621.8630    1.2140
 2289.9096 1627.3842    1.2160
 2296.3571 1632.9140    1.2180
 2302.8137 1638.4525    1.2200
 2309.2793 1643.9997    1.2220
 2315.7541 1649.5554    1.2240
 2322.2379 1655.1199    1.2260
 2328.7308 1660.6929    1.2280
 2335.2328 1666.2746    1.2300
 2341.7439 1671.8650    1.2320
 2348.2640 1677.2547    1.2340
 2354.7932 1683.0653    1.2360
 2361.3316 1688.6878    1.2380
 2367.8790 1694.3128    1.2400
 2374.4354 1699.9463    1.2420
 2381.0010 1705.5885    1.2440
 2387.5756 1711.2393    1.2460
 2394.1593 1716.8988    1.2480
 2400.7521 1722.5669    1.2500
 2407.3540 1728.2437    1.2520
 2413.9649 1733.9290    1.2540
 2420.5849 1739.6230    1.2560
 2427.2140 1745.3257    1.2580
 2433.8522 1751.0370    1.2600
 2440.4994 1756.7569    1.2620
 2447.1557 1762.4854    1.2640
 2453.8211 1768.2226    1.2660
 2460.4955 1773.9684    1.2680
 2467.1790 1779.7229    1.2700
 2473.8716 1785.4860    1.2720
 2480.5733 1791.2576    1.2740
 2487.2840 1797.0380    1.2760
 2494.0038 1802.8270    1.2780
 2500.7326 1808.6246    1.2800
 2507.4706 1814.4308    1.2820
 2514.2175 1820.2456    1.2840
 2520.9736 1826.0691    1.2860
 2527.7387 1831.9012    1.2880
 2534.5129 1837.7420    1.2900
 2541.2961 1843.5913    1.2920
 2548.0884 1849.4493    1.2940
 2554.8898 1855.3159    1.2960
 2561.7002 1861.1911    1.2980
 2568.5197 1867.0750    1.3000
 2575.3482 1872.9674    1.3020
 2582.1858 1878.8685    1.3040
 2589.0324 1884.7783    1.3060
 2595.8881 1890.6966    1.3080
 2602.7529 1896.6236    1.3100
 2609.6267 1902.5591    1.3120
 2616.5096 1908.5033    1.3140
 2623.4015 1914.4562    1.3160
 2630.3025 1920.4176    1.3180
 2637.2126 1926.3876    1.3200
 2644.1316 1932.3663    1.3220
 2651.0598 1938.3536    1.3240
 2657.9970 1944.3495    1.3260
 2664.9432 1950.3541    1.3280
 2671.8985 1956.3672    1.3300
 2678.8628 1962.3889    1.3320
 2685.8362 1968.4193    1.3340
 2692.8187 1974.4583    1.3360
 2699.8101 1980.5059    1.3380
 2706.8107 1986.5621    1.3400
 2713.8202 1992.6269    1.3420
 2720.8389 1998.7004    1.3440
 2727.8665 2004.7824    1.3460
 2734.9032 2010.8730    1.3480
 2741.9490 2016.9723    1.3500
 2749.0038 2023.0802    1.3520
 2756.0676 2029.1967    1.3540
 2763.1405 2035.3218    1.3560
 2770.2224 2041.4555    1.3580
 2777.3133 2047.5978    1.3600
 2784.4133 2053.7487    1.3620
 2791.5224 2059.9083    1.3640
 2798.6404 2066.0765    1.3660
 2805.7675 2072.2531    1.3680
 2812.9037 2078.4385    1.3700
 2820.0489 2084.6325    1.3720
 2827.2031 2090.8350    1.3740
 2834.3663 2097.0461    1.3760
 2841.5386 2103.2659    1.3780
 2848.7199 2109.4943    1.3800
 2855.9103 2115.7313    1.3820
 2863.1097 2121.9769    1.3840
 2870.3181 2128.2310    1.3860
 2877.5355 2134.4938    1.3880
 2884.7620 2140.7652    1.3900
 2891.9975 2147.0452    1.3920
 2899.2420 2153.3339    1.3940
 2906.4956 2159.6311    1.3960
 2913.7582 2165.9368    1.3980
